[debug] [2018-01-14T23:21:44.555Z] ----------------------------------------------------------------------
[debug] [2018-01-14T23:21:44.557Z] Command:       /usr/local/bin/node /usr/local/bin/firebase list
[debug] [2018-01-14T23:21:44.557Z] CLI Version:   3.16.0
[debug] [2018-01-14T23:21:44.557Z] Platform:      darwin
[debug] [2018-01-14T23:21:44.557Z] Node Version:  v9.2.0
[debug] [2018-01-14T23:21:44.558Z] Time:          Mon Jan 15 2018 00:21:44 GMT+0100 (CET)
[debug] [2018-01-14T23:21:44.558Z] ----------------------------------------------------------------------
[debug] 
[debug] [2018-01-14T23:21:44.570Z] > command requires scopes: ["email","openid","https://www.googleapis.com/auth/cloudplatformprojects.readonly","https://www.googleapis.com/auth/firebase"]
[debug] [2018-01-14T23:21:44.570Z] > authorizing via signed-in user
[debug] [2018-01-14T23:21:44.571Z] > refreshing access token with scopes: ["email","https://www.googleapis.com/auth/cloudplatformprojects.readonly","https://www.googleapis.com/auth/firebase","openid"]
[debug] [2018-01-14T23:21:44.572Z] >>> HTTP REQUEST POST https://www.googleapis.com/oauth2/v3/token  
 { refresh_token: '1/_vHsYzHdyrUSjg34c3vZlEufVpPNWaTw6Pv8nc2unbg',
  client_id: '563584335869-fgrhgmd47bqnekij5i8b5pr03ho849e6.apps.googleusercontent.com',
  client_secret: 'j9iVZfS8kkCEFUPaAeJV0sAi',
  grant_type: 'refresh_token',
  scope: 'email https://www.googleapis.com/auth/cloudplatformprojects.readonly https://www.googleapis.com/auth/firebase openid' } 
 Mon Jan 15 2018 00:21:44 GMT+0100 (CET)
[debug] [2018-01-14T23:21:44.721Z] <<< HTTP RESPONSE 200
[debug] [2018-01-14T23:21:44.752Z] >>> HTTP REQUEST GET https://admin.firebase.com/v1/projects  
  
 Mon Jan 15 2018 00:21:44 GMT+0100 (CET)
[debug] [2018-01-14T23:22:05.600Z] <<< HTTP RESPONSE 500
[debug] [2018-01-14T23:22:05.600Z] <<< HTTP RESPONSE BODY
[error] 
[error] Error: HTTP Error: 500, An unknown error occurred. Please contact support.
[debug] [2018-01-14T23:22:05.676Z] Error Context: {
  "body": {
    "error": {
      "code": "UNKNOWN_ERROR",
      "message": "An unknown error occurred. Please contact support."
    }
  },
  "response": {
    "statusCode": 500,
    "body": {
      "error": {
        "code": "UNKNOWN_ERROR",
        "message": "An unknown error occurred. Please contact support."
      }
    },
    "headers": {
      "server": "nginx",
      "date": "Sun, 14 Jan 2018 23:22:05 GMT",
      "content-type": "application/json; charset=utf-8",
      "content-length": "97",
      "connection": "close",
      "x-content-type-options": "nosniff"
    },
    "request": {
      "uri": {
        "protocol": "https:",
        "slashes": true,
        "auth": null,
        "host": "admin.firebase.com",
        "port": 443,
        "hostname": "admin.firebase.com",
        "hash": null,
        "search": null,
        "query": null,
        "pathname": "/v1/projects",
        "path": "/v1/projects",
        "href": "https://admin.firebase.com/v1/projects"
      },
      "method": "GET"
    }
  }
}
