[debug] [2018-01-11T20:57:48.043Z] ----------------------------------------------------------------------
[debug] [2018-01-11T20:57:48.044Z] Command:       /usr/local/bin/node /usr/local/bin/firebase deploy --only hosting
[debug] [2018-01-11T20:57:48.044Z] CLI Version:   3.16.0
[debug] [2018-01-11T20:57:48.044Z] Platform:      darwin
[debug] [2018-01-11T20:57:48.044Z] Node Version:  v9.2.0
[debug] [2018-01-11T20:57:48.045Z] Time:          Thu Jan 11 2018 21:57:48 GMT+0100 (CET)
[debug] [2018-01-11T20:57:48.045Z] ----------------------------------------------------------------------
[debug] 
[debug] [2018-01-11T20:57:48.057Z] > command requires scopes: ["email","openid","https://www.googleapis.com/auth/cloudplatformprojects.readonly","https://www.googleapis.com/auth/firebase","https://www.googleapis.com/auth/cloud-platform"]
[debug] [2018-01-11T20:57:48.057Z] > authorizing via signed-in user
[debug] [2018-01-11T20:57:48.058Z] >>> HTTP REQUEST GET https://admin.firebase.com/v1/projects/birthhood  
  
 Thu Jan 11 2018 21:57:48 GMT+0100 (CET)
[debug] [2018-01-11T20:57:48.998Z] <<< HTTP RESPONSE 200
[debug] [2018-01-11T20:57:48.999Z] >>> HTTP REQUEST GET https://admin.firebase.com/v1/database/birthhood/tokens  
  
 Thu Jan 11 2018 21:57:48 GMT+0100 (CET)
[debug] [2018-01-11T20:57:49.966Z] <<< HTTP RESPONSE 200
[info] 
[info] === Deploying to 'birthhood'...
[info] 
[info] i  deploying hosting
[info] i  hosting: preparing dist directory for upload...
[debug] [2018-01-11T20:57:51.856Z] >>> HTTP REQUEST PUT https://deploy.firebase.com/v1/hosting/birthhood/uploads/-L2b-w5Fa8IlpiZ7UuSN?fileCount=123&message=  
  
 Thu Jan 11 2018 21:57:51 GMT+0100 (CET)
[debug] [2018-01-11T20:58:02.697Z] <<< HTTP RESPONSE 200
[debug] [2018-01-11T20:58:02.697Z] [hosting] .tgz uploaded successfully, waiting for extraction
